<?xml version="1.0" encoding="UTF-8"?>
<!-- Generated by org.testng.reporters.JUnitReportReporter -->
<testsuite hostname="Saurav" failures="0" tests="1" name="demo.Test1" time="13.665" errors="0" timestamp="2024-03-26T20:27:18 IST" skipped="0">
  <testcase classname="demo.Test1" name="test1" time="13.665"/>
  <system-out/>
</testsuite> <!-- demo.Test1 -->
